<?xml version="1.0" encoding="UTF-8"?>
<!-- Generated by org.testng.reporters.JUnitXMLReporter -->
<testsuite ignored="1" hostname="Neeta_PC" failures="0" tests="2" name="Test" time="2.754" errors="0" timestamp="2024-08-27T11:02:39 CDT">
  <testcase classname="com.orange.hrm.test.LoginTest" name="loginWithValidUserNameAndValidPassword" time="0.442"/>
  <testcase classname="com.orange.hrm.test.HomePageTest" name="logout" time="2.293"/>
  <testcase classname="com.orange.hrm.test.BaseTest" name="@BeforeSuite initDriver" time="0.0">
    <ignored/>
  </testcase> <!-- @BeforeSuite initDriver -->
</testsuite> <!-- Test -->
