<?xml version="1.0" encoding="UTF-8"?>
<testng-results ignored="0" total="2" passed="2" failed="0" skipped="0">
  <reporter-output>
  </reporter-output>
  <suite started-at="2024-08-27T14:49:09 CDT" name="Suite" finished-at="2024-08-27T14:49:12 CDT" duration-ms="2875">
    <groups>
    </groups>
    <test started-at="2024-08-27T14:49:09 CDT" name="Test" finished-at="2024-08-27T14:49:12 CDT" duration-ms="2875">
      <class name="com.orange.hrm.test.LoginTest">
        <test-method is-config="true" signature="initDriver()[pri:0, instance:com.orange.hrm.test.LoginTest@799f10e1]" started-at="2024-08-27T14:49:06 CDT" name="initDriver" finished-at="2024-08-27T14:49:09 CDT" duration-ms="3004" status="PASS">
          <reporter-output>
          </reporter-output>
        </test-method> <!-- initDriver -->
        <test-method signature="loginWithValidUserNameAndValidPassword()[pri:0, instance:com.orange.hrm.test.LoginTest@799f10e1]" started-at="2024-08-27T14:49:09 CDT" name="loginWithValidUserNameAndValidPassword" finished-at="2024-08-27T14:49:11 CDT" duration-ms="1447" status="PASS">
          <reporter-output>
          </reporter-output>
        </test-method> <!-- loginWithValidUserNameAndValidPassword -->
      </class> <!-- com.orange.hrm.test.LoginTest -->
      <class name="com.orange.hrm.test.HomePageTest">
        <test-method signature="logout()[pri:0, instance:com.orange.hrm.test.HomePageTest@2a65fe7c]" started-at="2024-08-27T14:49:11 CDT" name="logout" finished-at="2024-08-27T14:49:12 CDT" duration-ms="1389" status="PASS">
          <reporter-output>
          </reporter-output>
        </test-method> <!-- logout -->
      </class> <!-- com.orange.hrm.test.HomePageTest -->
    </test> <!-- Test -->
  </suite> <!-- Suite -->
</testng-results>
