<?xml version="1.0" encoding="UTF-8"?>
<testng-results ignored="1" total="3" passed="2" failed="0" skipped="0">
  <reporter-output>
  </reporter-output>
  <suite started-at="2024-08-27T11:02:36 CDT" name="Suite" finished-at="2024-08-27T11:02:39 CDT" duration-ms="2754">
    <groups>
    </groups>
    <test started-at="2024-08-27T11:02:36 CDT" name="Test" finished-at="2024-08-27T11:02:39 CDT" duration-ms="2754">
      <class name="com.orange.hrm.test.LoginTest">
        <test-method is-config="true" signature="initDriver()[pri:0, instance:com.orange.hrm.test.LoginTest@6b927fb]" started-at="2024-08-27T11:02:33 CDT" name="initDriver" finished-at="2024-08-27T11:02:36 CDT" duration-ms="2985" status="PASS">
          <reporter-output>
          </reporter-output>
        </test-method> <!-- initDriver -->
        <test-method signature="loginWithValidUserNameAndValidPassword()[pri:0, instance:com.orange.hrm.test.LoginTest@6b927fb]" started-at="2024-08-27T11:02:36 CDT" name="loginWithValidUserNameAndValidPassword" finished-at="2024-08-27T11:02:36 CDT" duration-ms="442" status="PASS">
          <reporter-output>
          </reporter-output>
        </test-method> <!-- loginWithValidUserNameAndValidPassword -->
      </class> <!-- com.orange.hrm.test.LoginTest -->
      <class name="com.orange.hrm.test.HomePageTest">
        <test-method signature="logout()[pri:0, instance:com.orange.hrm.test.HomePageTest@294425a7]" started-at="2024-08-27T11:02:36 CDT" name="logout" finished-at="2024-08-27T11:02:39 CDT" duration-ms="2293" status="PASS">
          <reporter-output>
          </reporter-output>
        </test-method> <!-- logout -->
      </class> <!-- com.orange.hrm.test.HomePageTest -->
    </test> <!-- Test -->
  </suite> <!-- Suite -->
</testng-results>
